[TIME]:2016-04-04 15:49:42ERROR:Call to undefined function FriendlyErrorType()/www/Mapp/MPHP/Data/Tpl/notice.html第23行
[TIME]:2016-04-04 15:50:12ERROR:更新语句必须要有where条件
[TIME]:2016-04-04 16:18:13ERROR:/www/Mapp/MPHP/Extends/Tool/UserModel.class.php类未找到
[TIME]:2016-04-04 16:21:54ERROR:Call to undefined function FriendlyErrorType()/www/Mapp/MPHP/Data/Tpl/notice.html第23行
[TIME]:2016-04-04 16:22:14ERROR:/www/Mapp/MPHP/Extends/Tool/UserModel.class.php类未找到
[TIME]:2016-04-04 16:24:40ERROR:Call to undefined function FriendlyErrorType()/www/Mapp/MPHP/Data/Tpl/notice.html第23行
[TIME]:2016-04-04 16:24:56ERROR:Call to undefined function subtsr()/www/Mapp/MPHP/Lib/Core/Application.class.php第84行
[TIME]:2016-04-04 16:29:04ERROR:Call to undefined function FriendlyErrorType()/www/Mapp/MPHP/Data/Tpl/notice.html第23行
[TIME]:2016-04-04 16:29:05ERROR:Call to undefined function FriendlyErrorType()/www/Mapp/MPHP/Data/Tpl/notice.html第23行
[TIME]:2016-04-04 16:40:55ERROR:/www/Mapp/MPHP/Extends/Tool/partent.class.php类未找到
[TIME]:2016-04-04 16:49:28ERROR:Call to undefined function FriendlyErrorType()/www/Mapp/MPHP/Data/Tpl/notice.html第23行
[TIME]:2016-04-04 17:05:11ERROR:Call to undefined function FriendlyErrorType()/www/Mapp/MPHP/Data/Tpl/notice.html第23行
[TIME]:2016-04-04 17:06:39ERROR:Call to undefined function FriendlyErrorType()/www/Mapp/MPHP/Data/Tpl/notice.html第23行
[TIME]:2016-04-04 17:25:21ERROR:Call to undefined function FriendlyErrorType()/www/Mapp/MPHP/Data/Tpl/notice.html第23行
[TIME]:2016-04-04 17:37:46ERROR:请先开始Smarty
[TIME]:2016-04-04 17:38:04ERROR:Call to undefined function FriendlyErrorType()/www/Mapp/MPHP/Data/Tpl/notice.html第23行
[TIME]:2016-04-04 17:40:27ERROR:Call to undefined function FriendlyErrorType()/www/Mapp/MPHP/Data/Tpl/notice.html第23行
[TIME]:2016-04-04 17:47:39ERROR:Call to undefined function FriendlyErrorType()/www/Mapp/MPHP/Data/Tpl/notice.html第23行
[TIME]:2016-04-04 17:48:45ERROR:Call to undefined function FriendlyErrorType()/www/Mapp/MPHP/Data/Tpl/notice.html第23行
[TIME]:2016-04-04 17:59:30ERROR:Call to undefined function FriendlyErrorType()/www/Mapp/MPHP/Data/Tpl/notice.html第23行
[TIME]:2016-04-04 18:02:27ERROR:Call to undefined function FriendlyErrorType()/www/Mapp/MPHP/Data/Tpl/notice.html第23行
[TIME]:2016-04-04 18:05:04ERROR:Call to undefined function FriendlyErrorType()/www/Mapp/MPHP/Data/Tpl/notice.html第23行
[TIME]:2016-04-04 18:05:06ERROR:Call to undefined function FriendlyErrorType()/www/Mapp/MPHP/Data/Tpl/notice.html第23行
[TIME]:2016-04-04 18:05:08ERROR:Call to undefined function FriendlyErrorType()/www/Mapp/MPHP/Data/Tpl/notice.html第23行
